[0mCompiling "target/cljsbuild/public/js/app.js" from ["src/cljs" "src/cljc" "env/dev/cljs"]...[0m
[32mSuccessfully compiled "target/cljsbuild/public/js/app.js" in 0.776 seconds.[0m
notifying browser that file changed:  target/cljsbuild/public/js/out/goog/deps.js
notifying browser that file changed:  target/cljsbuild/public/js/out/cljs_deps.js
notifying browser that file changed:  target/cljsbuild/public/js/out/material/core.js
[0mCompiling "target/cljsbuild/public/js/app.js" from ["src/cljs" "src/cljc" "env/dev/cljs"]...[0m
[36m----  Compiler Warning on   src/cljs/material/core.cljs   line:15  column:2  ----[0m

  [1mUse of undeclared Var material.core/enable-console-print[0m

  [36m11[0m  [36m            [material.subscriptions][0m
  [36m12[0m  [36m            [reagent-material-ui.core :as ui][0m
  [36m13[0m  [36m            [accountant.core :as accountant]))[0m
  [36m14[0m  [36m[0m
  [33m15[0m  [1m(enable-console-print)[0m
  [0m  [0m  [33m ^--- Use of undeclared Var material.core/enable-console-print[0m
  [36m16[0m  [36m[0m
  [36m17[0m  [36m(defn log [strings][0m
  [36m18[0m  [36m  (.log js/console (apply str strings)))[0m
  [36m19[0m  [36m[0m
  [36m20[0m  [36m(defn about-page [][0m

[36m----  Compiler Warning : Please see src/cljs/material/core.cljs  ----[0m
[31mFailed to compile "target/cljsbuild/public/js/app.js" in 0.41 seconds.[0m
[36m----  Could not Analyze  src/cljs/material/core.cljs   line:58  column:7  ----[0m

  [1mUnknown dot form of (. nil log nil) with classification [:cljs.analyzer/error :cljs.analyzer/symbol ()][0m

  [36m56[0m  [36m{:nav-handler[0m
  [36m57[0m  [36m (fn [path][0m
  [33m58[0m  [1m   (.log )[0m
  [0m  [0m  [33m   ^--- Unknown dot form of (. nil log nil) with classification [:cljs.analyzer/error :cljs.analyzer/symbol ()][0m
  [36m59[0m  [36m   (secretary/dispatch! path))[0m
  [36m60[0m  [36m :path-exists?[0m
  [36m61[0m  [36m (fn [path][0m

[36m----  Analysis Error : Please see src/cljs/material/core.cljs  ----[0m
[0mCompiling "target/cljsbuild/public/js/app.js" from ["src/cljs" "src/cljc" "env/dev/cljs"]...[0m
[31mFailed to compile "target/cljsbuild/public/js/app.js" in 0.366 seconds.[0m
[36m----  Could not Analyze  src/cljs/material/core.cljs   line:58  column:7  ----[0m

  [1mUnknown dot form of (. nil log nil) with classification [:cljs.analyzer/error :cljs.analyzer/symbol ()][0m

  [36m56[0m  [36m{:nav-handler[0m
  [36m57[0m  [36m (fn [path][0m
  [33m58[0m  [1m   (.log )[0m
  [0m  [0m  [33m   ^--- Unknown dot form of (. nil log nil) with classification [:cljs.analyzer/error :cljs.analyzer/symbol ()][0m
  [36m59[0m  [36m   (secretary/dispatch! path))[0m
  [36m60[0m  [36m :path-exists?[0m
  [36m61[0m  [36m (fn [path][0m

[36m----  Analysis Error : Please see src/cljs/material/core.cljs  ----[0m
[0mCompiling "target/cljsbuild/public/js/app.js" from ["src/cljs" "src/cljc" "env/dev/cljs"]...[0m
[32mSuccessfully compiled "target/cljsbuild/public/js/app.js" in 0.567 seconds.[0m
notifying browser that file changed:  target/cljsbuild/public/js/out/material/core.js
[0mCompiling "target/cljsbuild/public/js/app.js" from ["src/cljs" "src/cljc" "env/dev/cljs"]...[0m
[32mSuccessfully compiled "target/cljsbuild/public/js/app.js" in 0.574 seconds.[0m
notifying browser that file changed:  target/cljsbuild/public/js/out/material/core.js
[0mCompiling "target/cljsbuild/public/js/app.js" from ["src/cljs" "src/cljc" "env/dev/cljs"]...[0m
[32mSuccessfully compiled "target/cljsbuild/public/js/app.js" in 0.628 seconds.[0m
notifying browser that file changed:  target/cljsbuild/public/js/out/material/core.js
[0mCompiling "target/cljsbuild/public/js/app.js" from ["src/cljs" "src/cljc" "env/dev/cljs"]...[0m
[32mSuccessfully compiled "target/cljsbuild/public/js/app.js" in 0.542 seconds.[0m
notifying browser that file changed:  target/cljsbuild/public/js/out/material/core.js
[0mCompiling "target/cljsbuild/public/js/app.js" from ["src/cljs" "src/cljc" "env/dev/cljs"]...[0m
[32mSuccessfully compiled "target/cljsbuild/public/js/app.js" in 0.51 seconds.[0m
notifying browser that file changed:  target/cljsbuild/public/js/out/material/core.js
[0mCompiling "target/cljsbuild/public/js/app.js" from ["src/cljs" "src/cljc" "env/dev/cljs"]...[0m
[36m----  Compiler Warning on   src/cljs/material/core.cljs   line:63  column:4  ----[0m

  [1mUse of undeclared Var accountant.core/navigate!path[0m

  [36m59[0m  [36m      #_(secretary/dispatch! path))[0m
  [36m60[0m  [36m    :path-exists?[0m
  [36m61[0m  [36m    (fn [path][0m
  [36m62[0m  [36m      (secretary/locate-route path))})[0m
  [33m63[0m  [1m  (accountant/navigate!path)[0m
  [0m  [0m  [33m   ^--- Use of undeclared Var accountant.core/navigate!path[0m
  [36m64[0m  [36m  #_(accountant/dispatch-current!))[0m
  [36m65[0m  [36m[0m
  [36m66[0m  [36m;; -------------------------[0m
  [36m67[0m  [36m;; Initialize app[0m
  [36m68[0m  [36m(defn fetch-docs! [][0m

[36m----  Compiler Warning : Please see src/cljs/material/core.cljs  ----[0m
[32mSuccessfully compiled "target/cljsbuild/public/js/app.js" in 0.5 seconds.[0m
notifying browser that file changed:  target/cljsbuild/public/js/out/material/core.js
[0mCompiling "target/cljsbuild/public/js/app.js" from ["src/cljs" "src/cljc" "env/dev/cljs"]...[0m
[36m----  Compiler Warning on   src/cljs/material/core.cljs   line:63  column:25  ----[0m

  [1mUse of undeclared Var material.core/path[0m

  [36m59[0m  [36m      #_(secretary/dispatch! path))[0m
  [36m60[0m  [36m    :path-exists?[0m
  [36m61[0m  [36m    (fn [path][0m
  [36m62[0m  [36m      (secretary/locate-route path))})[0m
  [33m63[0m  [1m  (accountant/navigate! path)[0m
  [0m  [0m  [33m                        ^--- Use of undeclared Var material.core/path[0m
  [36m64[0m  [36m  #_(accountant/dispatch-current!))[0m
  [36m65[0m  [36m[0m
  [36m66[0m  [36m;; -------------------------[0m
  [36m67[0m  [36m;; Initialize app[0m
  [36m68[0m  [36m(defn fetch-docs! [][0m

[36m----  Compiler Warning : Please see src/cljs/material/core.cljs  ----[0m
[32mSuccessfully compiled "target/cljsbuild/public/js/app.js" in 0.623 seconds.[0m
notifying browser that file changed:  target/cljsbuild/public/js/out/material/core.js
[0mCompiling "target/cljsbuild/public/js/app.js" from ["src/cljs" "src/cljc" "env/dev/cljs"]...[0m
[32mSuccessfully compiled "target/cljsbuild/public/js/app.js" in 0.492 seconds.[0m
notifying browser that file changed:  target/cljsbuild/public/js/out/material/core.js
[0mCompiling "target/cljsbuild/public/js/app.js" from ["src/cljs" "src/cljc" "env/dev/cljs"]...[0m
[32mSuccessfully compiled "target/cljsbuild/public/js/app.js" in 0.544 seconds.[0m
notifying browser that file changed:  target/cljsbuild/public/js/out/material/core.js
[0mCompiling "target/cljsbuild/public/js/app.js" from ["src/cljs" "src/cljc" "env/dev/cljs"]...[0m
[32mSuccessfully compiled "target/cljsbuild/public/js/app.js" in 1.047 seconds.[0m
notifying browser that file changed:  target/cljsbuild/public/js/out/material/core.js
[0mCompiling "target/cljsbuild/public/js/app.js" from ["src/cljs" "src/cljc" "env/dev/cljs"]...[0m
[32mSuccessfully compiled "target/cljsbuild/public/js/app.js" in 0.895 seconds.[0m
notifying browser that file changed:  target/cljsbuild/public/js/out/material/core.js
[0mCompiling "target/cljsbuild/public/js/app.js" from ["src/cljs" "src/cljc" "env/dev/cljs"]...[0m
[32mSuccessfully compiled "target/cljsbuild/public/js/app.js" in 0.518 seconds.[0m
notifying browser that file changed:  target/cljsbuild/public/js/out/material/core.js
[0mCompiling "target/cljsbuild/public/js/app.js" from ["src/cljs" "src/cljc" "env/dev/cljs"]...[0m
[32mSuccessfully compiled "target/cljsbuild/public/js/app.js" in 0.531 seconds.[0m
notifying browser that file changed:  target/cljsbuild/public/js/out/material/core.js
[0mCompiling "target/cljsbuild/public/js/app.js" from ["src/cljs" "src/cljc" "env/dev/cljs"]...[0m
[32mSuccessfully compiled "target/cljsbuild/public/js/app.js" in 0.498 seconds.[0m
notifying browser that file changed:  target/cljsbuild/public/js/out/material/core.js
[0mCompiling "target/cljsbuild/public/js/app.js" from ["src/cljs" "src/cljc" "env/dev/cljs"]...[0m
[32mSuccessfully compiled "target/cljsbuild/public/js/app.js" in 0.476 seconds.[0m
notifying browser that file changed:  target/cljsbuild/public/js/out/material/core.js
[0mCompiling "target/cljsbuild/public/js/app.js" from ["src/cljs" "src/cljc" "env/dev/cljs"]...[0m
[32mSuccessfully compiled "target/cljsbuild/public/js/app.js" in 0.467 seconds.[0m
notifying browser that file changed:  target/cljsbuild/public/js/out/material/core.js
[0mCompiling "target/cljsbuild/public/js/app.js" from ["src/cljs" "src/cljc" "env/dev/cljs"]...[0m
[32mSuccessfully compiled "target/cljsbuild/public/js/app.js" in 0.468 seconds.[0m
notifying browser that file changed:  target/cljsbuild/public/js/out/material/core.js
[0mCompiling "target/cljsbuild/public/js/app.js" from ["src/cljs" "src/cljc" "env/dev/cljs"]...[0m
[32mSuccessfully compiled "target/cljsbuild/public/js/app.js" in 0.471 seconds.[0m
notifying browser that file changed:  target/cljsbuild/public/js/out/cljs_deps.js
notifying browser that file changed:  target/cljsbuild/public/js/out/material/core.js
[0mCompiling "target/cljsbuild/public/js/app.js" from ["src/cljs" "src/cljc" "env/dev/cljs"]...[0m
[32mSuccessfully compiled "target/cljsbuild/public/js/app.js" in 0.497 seconds.[0m
notifying browser that file changed:  target/cljsbuild/public/js/out/material/core.js
[0mCompiling "target/cljsbuild/public/js/app.js" from ["src/cljs" "src/cljc" "env/dev/cljs"]...[0m
[32mSuccessfully compiled "target/cljsbuild/public/js/app.js" in 0.467 seconds.[0m
notifying browser that file changed:  target/cljsbuild/public/js/out/material/core.js
[0mCompiling "target/cljsbuild/public/js/app.js" from ["src/cljs" "src/cljc" "env/dev/cljs"]...[0m
[32mSuccessfully compiled "target/cljsbuild/public/js/app.js" in 0.451 seconds.[0m
notifying browser that file changed:  target/cljsbuild/public/js/out/material/core.js
[0mCompiling "target/cljsbuild/public/js/app.js" from ["src/cljs" "src/cljc" "env/dev/cljs"]...[0m
[32mSuccessfully compiled "target/cljsbuild/public/js/app.js" in 0.462 seconds.[0m
notifying browser that file changed:  target/cljsbuild/public/js/out/material/core.js
[0mCompiling "target/cljsbuild/public/js/app.js" from ["src/cljs" "src/cljc" "env/dev/cljs"]...[0m
[32mSuccessfully compiled "target/cljsbuild/public/js/app.js" in 0.477 seconds.[0m
notifying browser that file changed:  target/cljsbuild/public/js/out/material/core.js
[0mCompiling "target/cljsbuild/public/js/app.js" from ["src/cljs" "src/cljc" "env/dev/cljs"]...[0m
[36m----  Compiler Warning on   src/cljs/material/core.cljs   line:71  column:7  ----[0m

  [1mWrong number of args (2) passed to material.core/log[0m

  [36m67[0m  [36m      #_(accountant/navigate! path)[0m
  [36m68[0m  [36m      (secretary/dispatch! path))[0m
  [36m69[0m  [36m    :path-exists?[0m
  [36m70[0m  [36m    (fn [path][0m
  [33m71[0m  [1m      (log "LOCALTED ? ?? " (secretary/locate-route path))[0m
  [0m  [0m  [33m      ^--- Wrong number of args (2) passed to material.core/log[0m
  [36m72[0m  [36m      (secretary/locate-route path))}))[0m
  [36m73[0m  [36m[0m
  [36m74[0m  [36m;; -------------------------[0m
  [36m75[0m  [36m;; Initialize app[0m
  [36m76[0m  [36m(defn fetch-docs! [][0m

[36m----  Compiler Warning : Please see src/cljs/material/core.cljs  ----[0m
[32mSuccessfully compiled "target/cljsbuild/public/js/app.js" in 0.525 seconds.[0m
notifying browser that file changed:  target/cljsbuild/public/js/out/material/core.js
[0mCompiling "target/cljsbuild/public/js/app.js" from ["src/cljs" "src/cljc" "env/dev/cljs"]...[0m
[31mFailed to compile "target/cljsbuild/public/js/app.js" in 0.264 seconds.[0m
[36m----  Could not Analyze  src/cljs/material/core.cljs   line:18  column:1  ----[0m

  [1mUnsupported binding form: (clojure.core/deref strings)[0m

  [36m16[0m  [36m(enable-console-print!)[0m
  [36m17[0m  [36m[0m
  [33m18[0m  [1m(defn log [@strings][0m
  [0m  [0m  [33m^--- Unsupported binding form: (clojure.core/deref strings)[0m
  [36m19[0m  [36m  (.log js/console (apply str strings)))[0m
  [36m20[0m  [36m[0m
  [36m21[0m  [36m(defn about-page [][0m

[36m----  Analysis Error : Please see src/cljs/material/core.cljs  ----[0m
[0mCompiling "target/cljsbuild/public/js/app.js" from ["src/cljs" "src/cljc" "env/dev/cljs"]...[0m
[31mFailed to compile "target/cljsbuild/public/js/app.js" in 0.283 seconds.[0m
[36m----  Could not Analyze  src/cljs/material/core.cljs   line:18  column:1  ----[0m

  [1mUnsupported binding form: (clojure.core/deref strings)[0m

  [36m16[0m  [36m(enable-console-print!)[0m
  [36m17[0m  [36m[0m
  [33m18[0m  [1m(defn log [@ strings][0m
  [0m  [0m  [33m^--- Unsupported binding form: (clojure.core/deref strings)[0m
  [36m19[0m  [36m  (.log js/console (apply str strings)))[0m
  [36m20[0m  [36m[0m
  [36m21[0m  [36m(defn about-page [][0m

[36m----  Analysis Error : Please see src/cljs/material/core.cljs  ----[0m
[0mCompiling "target/cljsbuild/public/js/app.js" from ["src/cljs" "src/cljc" "env/dev/cljs"]...[0m
[31mFailed to compile "target/cljsbuild/public/js/app.js" in 0.269 seconds.[0m
[36m----  Could not Analyze  src/cljs/material/core.cljs   line:18  column:1  ----[0m

  [1mUnsupported binding form: (clojure.core/deref argss)[0m

  [36m16[0m  [36m(enable-console-print!)[0m
  [36m17[0m  [36m[0m
  [33m18[0m  [1m(defn log [@ argss][0m
  [0m  [0m  [33m^--- Unsupported binding form: (clojure.core/deref argss)[0m
  [36m19[0m  [36m  (.log js/console (apply str args)))[0m
  [36m20[0m  [36m[0m
  [36m21[0m  [36m(defn about-page [][0m

[36m----  Analysis Error : Please see src/cljs/material/core.cljs  ----[0m
[0mCompiling "target/cljsbuild/public/js/app.js" from ["src/cljs" "src/cljc" "env/dev/cljs"]...[0m
[31mFailed to compile "target/cljsbuild/public/js/app.js" in 0.291 seconds.[0m
[36m----  Could not Analyze  src/cljs/material/core.cljs   line:18  column:1  ----[0m

  [1mUnsupported binding form: (clojure.core/deref args)[0m

  [36m16[0m  [36m(enable-console-print!)[0m
  [36m17[0m  [36m[0m
  [33m18[0m  [1m(defn log [@args][0m
  [0m  [0m  [33m^--- Unsupported binding form: (clojure.core/deref args)[0m
  [36m19[0m  [36m  (.log js/console (apply str args)))[0m
  [36m20[0m  [36m[0m
  [36m21[0m  [36m(defn about-page [][0m

[36m----  Analysis Error : Please see src/cljs/material/core.cljs  ----[0m
[0mCompiling "target/cljsbuild/public/js/app.js" from ["src/cljs" "src/cljc" "env/dev/cljs"]...[0m
[31mFailed to compile "target/cljsbuild/public/js/app.js" in 0.266 seconds.[0m
[36m----  Could not Analyze  src/cljs/material/core.cljs   line:18  column:1  ----[0m

  [1mUnsupported binding form: (clojure.core/deref args)[0m

  [36m16[0m  [36m(enable-console-print!)[0m
  [36m17[0m  [36m[0m
  [33m18[0m  [1m(defn log [ @args][0m
  [0m  [0m  [33m^--- Unsupported binding form: (clojure.core/deref args)[0m
  [36m19[0m  [36m  (.log js/console (apply str args)))[0m
  [36m20[0m  [36m[0m
  [36m21[0m  [36m(defn about-page [][0m

[36m----  Analysis Error : Please see src/cljs/material/core.cljs  ----[0m
[0mCompiling "target/cljsbuild/public/js/app.js" from ["src/cljs" "src/cljc" "env/dev/cljs"]...[0m
[31mFailed to compile "target/cljsbuild/public/js/app.js" in 0.264 seconds.[0m
[36m----  Could not Analyze  src/cljs/material/core.cljs   line:18  column:1  ----[0m

  [1mUnsupported binding form: (clojure.core/deref args)[0m

  [36m16[0m  [36m(enable-console-print!)[0m
  [36m17[0m  [36m[0m
  [33m18[0m  [1m(defn log [ @ args][0m
  [0m  [0m  [33m^--- Unsupported binding form: (clojure.core/deref args)[0m
  [36m19[0m  [36m  (.log js/console (apply str args)))[0m
  [36m20[0m  [36m[0m
  [36m21[0m  [36m(defn about-page [][0m

[36m----  Analysis Error : Please see src/cljs/material/core.cljs  ----[0m
[0mCompiling "target/cljsbuild/public/js/app.js" from ["src/cljs" "src/cljc" "env/dev/cljs"]...[0m
[31mFailed to compile "target/cljsbuild/public/js/app.js" in 0.27 seconds.[0m
[36m----  Could not Analyze  src/cljs/material/core.cljs   line:18  column:1  ----[0m

  [1mUnsupported binding form: (clojure.core/deref args)[0m

  [36m16[0m  [36m(enable-console-print!)[0m
  [36m17[0m  [36m[0m
  [33m18[0m  [1m(defn log [@ args][0m
  [0m  [0m  [33m^--- Unsupported binding form: (clojure.core/deref args)[0m
  [36m19[0m  [36m  (.log js/console (apply str args)))[0m
  [36m20[0m  [36m[0m
  [36m21[0m  [36m(defn about-page [][0m

[36m----  Analysis Error : Please see src/cljs/material/core.cljs  ----[0m
[0mCompiling "target/cljsbuild/public/js/app.js" from ["src/cljs" "src/cljc" "env/dev/cljs"]...[0m
[32mSuccessfully compiled "target/cljsbuild/public/js/app.js" in 0.464 seconds.[0m
notifying browser that file changed:  target/cljsbuild/public/js/out/material/core.js
[0mCompiling "target/cljsbuild/public/js/app.js" from ["src/cljs" "src/cljc" "env/dev/cljs"]...[0m
[32mSuccessfully compiled "target/cljsbuild/public/js/app.js" in 0.476 seconds.[0m
notifying browser that file changed:  target/cljsbuild/public/js/out/material/core.js
[0mCompiling "target/cljsbuild/public/js/app.js" from ["src/cljs" "src/cljc" "env/dev/cljs"]...[0m
[32mSuccessfully compiled "target/cljsbuild/public/js/app.js" in 0.46 seconds.[0m
notifying browser that file changed:  target/cljsbuild/public/js/out/material/core.js
[0mCompiling "target/cljsbuild/public/js/app.js" from ["src/cljs" "src/cljc" "env/dev/cljs"]...[0m
[32mSuccessfully compiled "target/cljsbuild/public/js/app.js" in 0.455 seconds.[0m
notifying browser that file changed:  target/cljsbuild/public/js/out/material/core.js
[0mCompiling "target/cljsbuild/public/js/app.js" from ["src/cljs" "src/cljc" "env/dev/cljs"]...[0m
[32mSuccessfully compiled "target/cljsbuild/public/js/app.js" in 0.464 seconds.[0m
notifying browser that file changed:  target/cljsbuild/public/js/out/material/core.js
[0mCompiling "target/cljsbuild/public/js/app.js" from ["src/cljs" "src/cljc" "env/dev/cljs"]...[0m
[32mSuccessfully compiled "target/cljsbuild/public/js/app.js" in 0.458 seconds.[0m
notifying browser that file changed:  target/cljsbuild/public/js/out/material/core.js
[0mCompiling "target/cljsbuild/public/js/app.js" from ["src/cljs" "src/cljc" "env/dev/cljs"]...[0m
[32mSuccessfully compiled "target/cljsbuild/public/js/app.js" in 0.46 seconds.[0m
notifying browser that file changed:  target/cljsbuild/public/js/out/material/core.js
[0mCompiling "target/cljsbuild/public/js/app.js" from ["src/cljs" "src/cljc" "env/dev/cljs"]...[0m
[32mSuccessfully compiled "target/cljsbuild/public/js/app.js" in 0.476 seconds.[0m
notifying browser that file changed:  target/cljsbuild/public/js/out/material/core.js
[0mCompiling "target/cljsbuild/public/js/app.js" from ["src/cljs" "src/cljc" "env/dev/cljs"]...[0m
[32mSuccessfully compiled "target/cljsbuild/public/js/app.js" in 0.452 seconds.[0m
notifying browser that file changed:  target/cljsbuild/public/js/out/material/core.js
[0mCompiling "target/cljsbuild/public/js/app.js" from ["src/cljs" "src/cljc" "env/dev/cljs"]...[0m
[32mSuccessfully compiled "target/cljsbuild/public/js/app.js" in 0.454 seconds.[0m
notifying browser that file changed:  target/cljsbuild/public/js/out/material/core.js
[0mCompiling "target/cljsbuild/public/js/app.js" from ["src/cljs" "src/cljc" "env/dev/cljs"]...[0m
[32mSuccessfully compiled "target/cljsbuild/public/js/app.js" in 0.47 seconds.[0m
notifying browser that file changed:  target/cljsbuild/public/js/out/material/core.js
[0mCompiling "target/cljsbuild/public/js/app.js" from ["src/cljs" "src/cljc" "env/dev/cljs"]...[0m
[32mSuccessfully compiled "target/cljsbuild/public/js/app.js" in 0.453 seconds.[0m
notifying browser that file changed:  target/cljsbuild/public/js/out/material/core.js
[0mCompiling "target/cljsbuild/public/js/app.js" from ["src/cljs" "src/cljc" "env/dev/cljs"]...[0m
[32mSuccessfully compiled "target/cljsbuild/public/js/app.js" in 0.453 seconds.[0m
notifying browser that file changed:  target/cljsbuild/public/js/out/material/core.js
[0mCompiling "target/cljsbuild/public/js/app.js" from ["src/cljs" "src/cljc" "env/dev/cljs"]...[0m
[32mSuccessfully compiled "target/cljsbuild/public/js/app.js" in 0.459 seconds.[0m
notifying browser that file changed:  target/cljsbuild/public/js/out/material/core.js
[0mCompiling "target/cljsbuild/public/js/app.js" from ["src/cljs" "src/cljc" "env/dev/cljs"]...[0m
[32mSuccessfully compiled "target/cljsbuild/public/js/app.js" in 0.445 seconds.[0m
notifying browser that file changed:  target/cljsbuild/public/js/out/material/core.js
[0mCompiling "target/cljsbuild/public/js/app.js" from ["src/cljs" "src/cljc" "env/dev/cljs"]...[0m
[32mSuccessfully compiled "target/cljsbuild/public/js/app.js" in 0.455 seconds.[0m
notifying browser that file changed:  target/cljsbuild/public/js/out/material/core.js
[0mCompiling "target/cljsbuild/public/js/app.js" from ["src/cljs" "src/cljc" "env/dev/cljs"]...[0m
[32mSuccessfully compiled "target/cljsbuild/public/js/app.js" in 0.476 seconds.[0m
notifying browser that file changed:  target/cljsbuild/public/js/out/material/core.js
[0mCompiling "target/cljsbuild/public/js/app.js" from ["src/cljs" "src/cljc" "env/dev/cljs"]...[0m
[32mSuccessfully compiled "target/cljsbuild/public/js/app.js" in 0.451 seconds.[0m
notifying browser that file changed:  target/cljsbuild/public/js/out/material/core.js
[0mCompiling "target/cljsbuild/public/js/app.js" from ["src/cljs" "src/cljc" "env/dev/cljs"]...[0m
[32mSuccessfully compiled "target/cljsbuild/public/js/app.js" in 0.75 seconds.[0m
notifying browser that file changed:  target/cljsbuild/public/js/out/goog/deps.js
notifying browser that file changed:  target/cljsbuild/public/js/out/cljs_deps.js
notifying browser that file changed:  target/cljsbuild/public/js/out/material/core.js
[0mCompiling "target/cljsbuild/public/js/app.js" from ["src/cljs" "src/cljc" "env/dev/cljs"]...[0m
[32mSuccessfully compiled "target/cljsbuild/public/js/app.js" in 0.669 seconds.[0m
notifying browser that file changed:  target/cljsbuild/public/js/out/material/core.js
[0mCompiling "target/cljsbuild/public/js/app.js" from ["src/cljs" "src/cljc" "env/dev/cljs"]...[0m
[32mSuccessfully compiled "target/cljsbuild/public/js/app.js" in 0.622 seconds.[0m
notifying browser that file changed:  target/cljsbuild/public/js/out/material/core.js
[0mCompiling "target/cljsbuild/public/js/app.js" from ["src/cljs" "src/cljc" "env/dev/cljs"]...[0m
[32mSuccessfully compiled "target/cljsbuild/public/js/app.js" in 0.574 seconds.[0m
notifying browser that file changed:  target/cljsbuild/public/js/out/material/core.js
[0mCompiling "target/cljsbuild/public/js/app.js" from ["src/cljs" "src/cljc" "env/dev/cljs"]...[0m
[32mSuccessfully compiled "target/cljsbuild/public/js/app.js" in 0.624 seconds.[0m
notifying browser that file changed:  target/cljsbuild/public/js/out/material/core.js
[0mCompiling "target/cljsbuild/public/js/app.js" from ["src/cljs" "src/cljc" "env/dev/cljs"]...[0m
[32mSuccessfully compiled "target/cljsbuild/public/js/app.js" in 0.517 seconds.[0m
notifying browser that file changed:  target/cljsbuild/public/js/out/material/core.js
[0mCompiling "target/cljsbuild/public/js/app.js" from ["src/cljs" "src/cljc" "env/dev/cljs"]...[0m
[36m----  Compiler Warning on   src/cljs/material/core.cljs   line:57  column:10  ----[0m

  [1mUse of undeclared Var material.core/new-doc-modal[0m

  [36m53[0m  [36m                                     :onTouchTap (fn [][0m
  [36m54[0m  [36m                                                   ;; some action or another, then close the menu[0m
  [36m55[0m  [36m                                                   (close))}[0m
  [36m56[0m  [36m                        doc])][0m
  [33m57[0m  [1m        [new-doc-modal close]]])))[0m
  [0m  [0m  [33m         ^--- Use of undeclared Var material.core/new-doc-modal[0m
  [36m58[0m  [36m[0m
  [36m59[0m  [36m(defn home-page [][0m
  [36m60[0m  [36m  [ui/MuiThemeProvider theme-defaults[0m
  [36m61[0m  [36m   [:div[0m
  [36m62[0m  [36m    [simple-nav][0m

[36m----  Compiler Warning : Please see src/cljs/material/core.cljs  ----[0m
[36m----  Compiler Warning on   src/cljs/material/core.cljs   line:94  column:1  ----[0m

  [1mWrong number of args (3) passed to :secretary/defroute[0m

  [36m91[0m  [36m(secretary/defroute "/" [][0m
  [36m92[0m  [36m  (rf/dispatch [:set-active-page :home]))[0m
  [36m93[0m  [36m[0m
  [33m94[0m  [1m(:secretary/defroute "/about" [][0m
  [0m  [0m  [33m^--- Wrong number of args (3) passed to :secretary/defroute[0m
  [36m95[0m  [36m  (rf/dispatch [:set-active-page :about]))[0m
  [36m96[0m  [36m[0m
  [36m97[0m  [36m;; -------------------------[0m
  [36m98[0m  [36m;; History[0m
  [36m99[0m  [36m;; must be called after routes have been defined[0m

[36m----  Compiler Warning : Please see src/cljs/material/core.cljs  ----[0m
[32mSuccessfully compiled "target/cljsbuild/public/js/app.js" in 0.981 seconds.[0m
notifying browser that file changed:  target/cljsbuild/public/js/out/goog/deps.js
notifying browser that file changed:  target/cljsbuild/public/js/out/cljs_deps.js
notifying browser that file changed:  target/cljsbuild/public/js/out/material/core.js
[0mCompiling "target/cljsbuild/public/js/app.js" from ["src/cljs" "src/cljc" "env/dev/cljs"]...[0m
[36m----  Compiler Warning on   src/cljs/material/core.cljs   line:57  column:10  ----[0m

  [1mUse of undeclared Var material.core/new-doc-modal[0m

  [36m53[0m  [36m                                     :onTouchTap (fn [][0m
  [36m54[0m  [36m                                                   ;; some action or another, then close the menu[0m
  [36m55[0m  [36m                                                   (close))}[0m
  [36m56[0m  [36m                        doc])][0m
  [33m57[0m  [1m        [new-doc-modal close]]])))[0m
  [0m  [0m  [33m         ^--- Use of undeclared Var material.core/new-doc-modal[0m
  [36m58[0m  [36m[0m
  [36m59[0m  [36m(defn home-page [][0m
  [36m60[0m  [36m  [ui/MuiThemeProvider theme-defaults[0m
  [36m61[0m  [36m   [:div[0m
  [36m62[0m  [36m    [simple-nav][0m

[36m----  Compiler Warning : Please see src/cljs/material/core.cljs  ----[0m
[36m----  Compiler Warning on   src/cljs/material/core.cljs   line:94  column:1  ----[0m

  [1mWrong number of args (3) passed to :secretary/defroute[0m

  [36m91[0m  [36m(secretary/defroute "/" [][0m
  [36m92[0m  [36m  (rf/dispatch [:set-active-page :home]))[0m
  [36m93[0m  [36m[0m
  [33m94[0m  [1m(:secretary/defroute "/about" [][0m
  [0m  [0m  [33m^--- Wrong number of args (3) passed to :secretary/defroute[0m
  [36m95[0m  [36m  (rf/dispatch [:set-active-page :about]))[0m
  [36m96[0m  [36m[0m
  [36m97[0m  [36m;; -------------------------[0m
  [36m98[0m  [36m;; History[0m
  [36m99[0m  [36m;; must be called after routes have been defined[0m

[36m----  Compiler Warning : Please see src/cljs/material/core.cljs  ----[0m
[32mSuccessfully compiled "target/cljsbuild/public/js/app.js" in 0.776 seconds.[0m
notifying browser that file changed:  target/cljsbuild/public/js/out/material/core.js
[0mCompiling "target/cljsbuild/public/js/app.js" from ["src/cljs" "src/cljc" "env/dev/cljs"]...[0m
[36m----  Compiler Warning on   src/cljs/material/core.cljs   line:94  column:1  ----[0m

  [1mWrong number of args (3) passed to :secretary/defroute[0m

  [36m91[0m  [36m(secretary/defroute "/" [][0m
  [36m92[0m  [36m  (rf/dispatch [:set-active-page :home]))[0m
  [36m93[0m  [36m[0m
  [33m94[0m  [1m(:secretary/defroute "/about" [][0m
  [0m  [0m  [33m^--- Wrong number of args (3) passed to :secretary/defroute[0m
  [36m95[0m  [36m  (rf/dispatch [:set-active-page :about]))[0m
  [36m96[0m  [36m[0m
  [36m97[0m  [36m;; -------------------------[0m
  [36m98[0m  [36m;; History[0m
  [36m99[0m  [36m;; must be called after routes have been defined[0m

[36m----  Compiler Warning : Please see src/cljs/material/core.cljs  ----[0m
[32mSuccessfully compiled "target/cljsbuild/public/js/app.js" in 0.776 seconds.[0m
notifying browser that file changed:  target/cljsbuild/public/js/out/material/core.js
Figwheel: Can't open  ("src/cljs/material/core.cljs" 94 1) No :open-file-command supplied in the config.
Figwheel: Can't open  ("src/cljs/material/core.cljs" 94 1) No :open-file-command supplied in the config.
Figwheel: Can't open  ("src/cljs/material/core.cljs" 94 1) No :open-file-command supplied in the config.
Figwheel: Can't open  ("src/cljs/material/core.cljs" 94 1) No :open-file-command supplied in the config.
Figwheel: Can't open  ("src/cljs/material/core.cljs" 94 1) No :open-file-command supplied in the config.
Figwheel: Can't open  ("src/cljs/material/core.cljs" 94 1) No :open-file-command supplied in the config.
[0mCompiling "target/cljsbuild/public/js/app.js" from ["src/cljs" "src/cljc" "env/dev/cljs"]...[0m
[32mSuccessfully compiled "target/cljsbuild/public/js/app.js" in 0.762 seconds.[0m
notifying browser that file changed:  target/cljsbuild/public/js/out/material/core.js
[0mCompiling "target/cljsbuild/public/js/app.js" from ["src/cljs" "src/cljc" "env/dev/cljs"]...[0m
[32mSuccessfully compiled "target/cljsbuild/public/js/app.js" in 0.632 seconds.[0m
notifying browser that file changed:  target/cljsbuild/public/js/out/material/core.js
[0mCompiling "target/cljsbuild/public/js/app.js" from ["src/cljs" "src/cljc" "env/dev/cljs"]...[0m
[32mSuccessfully compiled "target/cljsbuild/public/js/app.js" in 0.58 seconds.[0m
notifying browser that file changed:  target/cljsbuild/public/js/out/material/core.js
[0mCompiling "target/cljsbuild/public/js/app.js" from ["src/cljs" "src/cljc" "env/dev/cljs"]...[0m
[32mSuccessfully compiled "target/cljsbuild/public/js/app.js" in 0.602 seconds.[0m
notifying browser that file changed:  target/cljsbuild/public/js/out/material/core.js
[0mCompiling "target/cljsbuild/public/js/app.js" from ["src/cljs" "src/cljc" "env/dev/cljs"]...[0m
[32mSuccessfully compiled "target/cljsbuild/public/js/app.js" in 0.523 seconds.[0m
notifying browser that file changed:  target/cljsbuild/public/js/out/material/core.js
[0mCompiling "target/cljsbuild/public/js/app.js" from ["src/cljs" "src/cljc" "env/dev/cljs"]...[0m
[32mSuccessfully compiled "target/cljsbuild/public/js/app.js" in 0.551 seconds.[0m
notifying browser that file changed:  target/cljsbuild/public/js/out/material/core.js
[0mCompiling "target/cljsbuild/public/js/app.js" from ["src/cljs" "src/cljc" "env/dev/cljs"]...[0m
[32mSuccessfully compiled "target/cljsbuild/public/js/app.js" in 0.62 seconds.[0m
notifying browser that file changed:  target/cljsbuild/public/js/out/material/core.js
[0mCompiling "target/cljsbuild/public/js/app.js" from ["src/cljs" "src/cljc" "env/dev/cljs"]...[0m
[32mSuccessfully compiled "target/cljsbuild/public/js/app.js" in 0.537 seconds.[0m
notifying browser that file changed:  target/cljsbuild/public/js/out/material/core.js
[0mCompiling "target/cljsbuild/public/js/app.js" from ["src/cljs" "src/cljc" "env/dev/cljs"]...[0m
[32mSuccessfully compiled "target/cljsbuild/public/js/app.js" in 0.508 seconds.[0m
notifying browser that file changed:  target/cljsbuild/public/js/out/material/core.js
[0mCompiling "target/cljsbuild/public/js/app.js" from ["src/cljs" "src/cljc" "env/dev/cljs"]...[0m
[36m----  Compiler Warning on   src/cljs/material/core.cljs   line:29  column:41  ----[0m

  [1mUse of undeclared Var reagent-material-ui.core/darktBaseTheme[0m

  [36m25[0m  [36m(defn color [nme] (aget ui/colors nme))[0m
  [36m26[0m  [36m[0m
  [36m27[0m  [36m;; create a new theme based on the dark theme from Material UI[0m
  [36m28[0m  [36m(defonce theme-defaults {:muiTheme (ui/getMuiTheme[0m
  [33m29[0m  [1m                                    (-> ui/darktBaseTheme[0m
  [0m  [0m  [33m                                        ^--- Use of undeclared Var reagent-material-ui.core/darktBaseTheme[0m
  [36m30[0m  [36m                                        (js->clj :keywordize-keys true)[0m
  [36m31[0m  [36m                                        #_(update :palette merge {:primary1Color (color "amber500")[0m
  [36m32[0m  [36m                                                                :primary2Color (color "amber700")})[0m
  [36m33[0m  [36m                                        clj->js))})[0m

[36m----  Compiler Warning : Please see src/cljs/material/core.cljs  ----[0m
[32mSuccessfully compiled "target/cljsbuild/public/js/app.js" in 0.614 seconds.[0m
notifying browser that file changed:  target/cljsbuild/public/js/out/material/core.js
[0mCompiling "target/cljsbuild/public/js/app.js" from ["src/cljs" "src/cljc" "env/dev/cljs"]...[0m
[32mSuccessfully compiled "target/cljsbuild/public/js/app.js" in 0.566 seconds.[0m
notifying browser that file changed:  target/cljsbuild/public/js/out/material/core.js
[0mCompiling "target/cljsbuild/public/js/app.js" from ["src/cljs" "src/cljc" "env/dev/cljs"]...[0m
[32mSuccessfully compiled "target/cljsbuild/public/js/app.js" in 0.547 seconds.[0m
notifying browser that file changed:  target/cljsbuild/public/js/out/material/core.js
[0mCompiling "target/cljsbuild/public/js/app.js" from ["src/cljs" "src/cljc" "env/dev/cljs"]...[0m
[32mSuccessfully compiled "target/cljsbuild/public/js/app.js" in 0.67 seconds.[0m
notifying browser that file changed:  target/cljsbuild/public/js/out/material/core.js
[0mCompiling "target/cljsbuild/public/js/app.js" from ["src/cljs" "src/cljc" "env/dev/cljs"]...[0m
[32mSuccessfully compiled "target/cljsbuild/public/js/app.js" in 0.643 seconds.[0m
notifying browser that file changed:  target/cljsbuild/public/js/out/material/core.js
[0mCompiling "target/cljsbuild/public/js/app.js" from ["src/cljs" "src/cljc" "env/dev/cljs"]...[0m
[32mSuccessfully compiled "target/cljsbuild/public/js/app.js" in 0.514 seconds.[0m
notifying browser that file changed:  target/cljsbuild/public/js/out/material/core.js
[0mCompiling "target/cljsbuild/public/js/app.js" from ["src/cljs" "src/cljc" "env/dev/cljs"]...[0m
[32mSuccessfully compiled "target/cljsbuild/public/js/app.js" in 0.546 seconds.[0m
notifying browser that file changed:  target/cljsbuild/public/js/out/material/core.js
[0mCompiling "target/cljsbuild/public/js/app.js" from ["src/cljs" "src/cljc" "env/dev/cljs"]...[0m
[32mSuccessfully compiled "target/cljsbuild/public/js/app.js" in 0.527 seconds.[0m
notifying browser that file changed:  target/cljsbuild/public/js/out/material/core.js
[0mCompiling "target/cljsbuild/public/js/app.js" from ["src/cljs" "src/cljc" "env/dev/cljs"]...[0m
[32mSuccessfully compiled "target/cljsbuild/public/js/app.js" in 0.512 seconds.[0m
notifying browser that file changed:  target/cljsbuild/public/js/out/material/core.js
[0mCompiling "target/cljsbuild/public/js/app.js" from ["src/cljs" "src/cljc" "env/dev/cljs"]...[0m
[32mSuccessfully compiled "target/cljsbuild/public/js/app.js" in 0.492 seconds.[0m
notifying browser that file changed:  target/cljsbuild/public/js/out/material/core.js
[0mCompiling "target/cljsbuild/public/js/app.js" from ["src/cljs" "src/cljc" "env/dev/cljs"]...[0m
[32mSuccessfully compiled "target/cljsbuild/public/js/app.js" in 0.488 seconds.[0m
notifying browser that file changed:  target/cljsbuild/public/js/out/material/core.js
[0mCompiling "target/cljsbuild/public/js/app.js" from ["src/cljs" "src/cljc" "env/dev/cljs"]...[0m
[32mSuccessfully compiled "target/cljsbuild/public/js/app.js" in 0.498 seconds.[0m
notifying browser that file changed:  target/cljsbuild/public/js/out/material/core.js
[0mCompiling "target/cljsbuild/public/js/app.js" from ["src/cljs" "src/cljc" "env/dev/cljs"]...[0m
[32mSuccessfully compiled "target/cljsbuild/public/js/app.js" in 0.482 seconds.[0m
notifying browser that file changed:  target/cljsbuild/public/js/out/material/core.js
[0mCompiling "target/cljsbuild/public/js/app.js" from ["src/cljs" "src/cljc" "env/dev/cljs"]...[0m
[32mSuccessfully compiled "target/cljsbuild/public/js/app.js" in 0.504 seconds.[0m
notifying browser that file changed:  target/cljsbuild/public/js/out/material/core.js
[0mCompiling "target/cljsbuild/public/js/app.js" from ["src/cljs" "src/cljc" "env/dev/cljs"]...[0m
[32mSuccessfully compiled "target/cljsbuild/public/js/app.js" in 0.473 seconds.[0m
notifying browser that file changed:  target/cljsbuild/public/js/out/material/core.js
[0mCompiling "target/cljsbuild/public/js/app.js" from ["src/cljs" "src/cljc" "env/dev/cljs"]...[0m
[32mSuccessfully compiled "target/cljsbuild/public/js/app.js" in 0.485 seconds.[0m
notifying browser that file changed:  target/cljsbuild/public/js/out/material/core.js
[0mCompiling "target/cljsbuild/public/js/app.js" from ["src/cljs" "src/cljc" "env/dev/cljs"]...[0m
[32mSuccessfully compiled "target/cljsbuild/public/js/app.js" in 0.502 seconds.[0m
notifying browser that file changed:  target/cljsbuild/public/js/out/material/core.js
[0mCompiling "target/cljsbuild/public/js/app.js" from ["src/cljs" "src/cljc" "env/dev/cljs"]...[0m
[32mSuccessfully compiled "target/cljsbuild/public/js/app.js" in 0.467 seconds.[0m
notifying browser that file changed:  target/cljsbuild/public/js/out/material/core.js
[0mCompiling "target/cljsbuild/public/js/app.js" from ["src/cljs" "src/cljc" "env/dev/cljs"]...[0m
[32mSuccessfully compiled "target/cljsbuild/public/js/app.js" in 0.496 seconds.[0m
notifying browser that file changed:  target/cljsbuild/public/js/out/material/core.js
[0mCompiling "target/cljsbuild/public/js/app.js" from ["src/cljs" "src/cljc" "env/dev/cljs"]...[0m
[32mSuccessfully compiled "target/cljsbuild/public/js/app.js" in 0.475 seconds.[0m
notifying browser that file changed:  target/cljsbuild/public/js/out/material/core.js
[0mCompiling "target/cljsbuild/public/js/app.js" from ["src/cljs" "src/cljc" "env/dev/cljs"]...[0m
[32mSuccessfully compiled "target/cljsbuild/public/js/app.js" in 0.463 seconds.[0m
notifying browser that file changed:  target/cljsbuild/public/js/out/material/core.js
[0mCompiling "target/cljsbuild/public/js/app.js" from ["src/cljs" "src/cljc" "env/dev/cljs"]...[0m
[36m----  Compiler Warning on   src/cljs/material/core.cljs   line:49  column:43  ----[0m

  [1mUse of undeclared Var material.core/state[0m

  [36m45[0m  [36m(defn home-page [][0m
  [36m46[0m  [36m  [:div[0m
  [36m47[0m  [36m   [:h2 "Welcome to a simple, example application."][0m
  [36m48[0m  [36m   [ui/Paper {:zDepth 2}[0m
  [33m49[0m  [1m    [ui/BottomNavigation {:selectedIndex @state}[0m
  [0m  [0m  [33m                                          ^--- Use of undeclared Var material.core/state[0m
  [36m50[0m  [36m[0m
  [36m51[0m  [36m     (doall (map-indexed (fn [idx x][0m
  [36m52[0m  [36m                           ^{:key idx}[0m
  [36m53[0m  [36m                           [ui/BottomNavigationItem {:label x[0m
  [36m54[0m  [36m                                                     :icon (reactify [icon "restore"])[0m

[36m----  Compiler Warning : Please see src/cljs/material/core.cljs  ----[0m
[36m----  Compiler Warning on   src/cljs/material/core.cljs   line:55  column:65  ----[0m

  [1mUse of undeclared Var material.core/select[0m

  [36m51[0m  [36m     (doall (map-indexed (fn [idx x][0m
  [36m52[0m  [36m                           ^{:key idx}[0m
  [36m53[0m  [36m                           [ui/BottomNavigationItem {:label x[0m
  [36m54[0m  [36m                                                     :icon (reactify [icon "restore"])[0m
  [33m55[0m  [1m                                                     :onClick #(select idx)}])[0m
  [0m  [0m  [33m                                                                ^--- Use of undeclared Var material.core/select[0m
  [36m56[0m  [36m                         ["Recents" "Favorites" "Nearby"]))[0m
  [36m57[0m  [36m     ]]])[0m
  [36m58[0m  [36m[0m
  [36m59[0m  [36m(defn about-page [][0m
  [36m60[0m  [36m  [:div.container[0m

[36m----  Compiler Warning : Please see src/cljs/material/core.cljs  ----[0m
[32mSuccessfully compiled "target/cljsbuild/public/js/app.js" in 0.487 seconds.[0m
notifying browser that file changed:  target/cljsbuild/public/js/out/material/core.js
[0mCompiling "target/cljsbuild/public/js/app.js" from ["src/cljs" "src/cljc" "env/dev/cljs"]...[0m
[32mSuccessfully compiled "target/cljsbuild/public/js/app.js" in 0.462 seconds.[0m
notifying browser that file changed:  target/cljsbuild/public/js/out/material/core.js
[0mCompiling "target/cljsbuild/public/js/app.js" from ["src/cljs" "src/cljc" "env/dev/cljs"]...[0m
[32mSuccessfully compiled "target/cljsbuild/public/js/app.js" in 0.469 seconds.[0m
notifying browser that file changed:  target/cljsbuild/public/js/out/material/core.js
[0mCompiling "target/cljsbuild/public/js/app.js" from ["src/cljs" "src/cljc" "env/dev/cljs"]...[0m
[32mSuccessfully compiled "target/cljsbuild/public/js/app.js" in 0.457 seconds.[0m
notifying browser that file changed:  target/cljsbuild/public/js/out/material/core.js
[0mCompiling "target/cljsbuild/public/js/app.js" from ["src/cljs" "src/cljc" "env/dev/cljs"]...[0m
[32mSuccessfully compiled "target/cljsbuild/public/js/app.js" in 0.494 seconds.[0m
notifying browser that file changed:  target/cljsbuild/public/js/out/material/core.js
[0mCompiling "target/cljsbuild/public/js/app.js" from ["src/cljs" "src/cljc" "env/dev/cljs"]...[0m
[32mSuccessfully compiled "target/cljsbuild/public/js/app.js" in 0.452 seconds.[0m
notifying browser that file changed:  target/cljsbuild/public/js/out/material/core.js
[0mCompiling "target/cljsbuild/public/js/app.js" from ["src/cljs" "src/cljc" "env/dev/cljs"]...[0m
[32mSuccessfully compiled "target/cljsbuild/public/js/app.js" in 0.478 seconds.[0m
notifying browser that file changed:  target/cljsbuild/public/js/out/material/core.js
[0mCompiling "target/cljsbuild/public/js/app.js" from ["src/cljs" "src/cljc" "env/dev/cljs"]...[0m
[32mSuccessfully compiled "target/cljsbuild/public/js/app.js" in 0.46 seconds.[0m
notifying browser that file changed:  target/cljsbuild/public/js/out/material/core.js
[0mCompiling "target/cljsbuild/public/js/app.js" from ["src/cljs" "src/cljc" "env/dev/cljs"]...[0m
[32mSuccessfully compiled "target/cljsbuild/public/js/app.js" in 0.472 seconds.[0m
notifying browser that file changed:  target/cljsbuild/public/js/out/material/core.js
[0mCompiling "target/cljsbuild/public/js/app.js" from ["src/cljs" "src/cljc" "env/dev/cljs"]...[0m
[32mSuccessfully compiled "target/cljsbuild/public/js/app.js" in 0.466 seconds.[0m
notifying browser that file changed:  target/cljsbuild/public/js/out/material/core.js
[0mCompiling "target/cljsbuild/public/js/app.js" from ["src/cljs" "src/cljc" "env/dev/cljs"]...[0m
[32mSuccessfully compiled "target/cljsbuild/public/js/app.js" in 0.467 seconds.[0m
notifying browser that file changed:  target/cljsbuild/public/js/out/material/core.js
[0mCompiling "target/cljsbuild/public/js/app.js" from ["src/cljs" "src/cljc" "env/dev/cljs"]...[0m
[32mSuccessfully compiled "target/cljsbuild/public/js/app.js" in 0.472 seconds.[0m
notifying browser that file changed:  target/cljsbuild/public/js/out/material/core.js
[0mCompiling "target/cljsbuild/public/js/app.js" from ["src/cljs" "src/cljc" "env/dev/cljs"]...[0m
[32mSuccessfully compiled "target/cljsbuild/public/js/app.js" in 0.464 seconds.[0m
notifying browser that file changed:  target/cljsbuild/public/js/out/material/core.js
[0mCompiling "target/cljsbuild/public/js/app.js" from ["src/cljs" "src/cljc" "env/dev/cljs"]...[0m
[32mSuccessfully compiled "target/cljsbuild/public/js/app.js" in 0.472 seconds.[0m
notifying browser that file changed:  target/cljsbuild/public/js/out/material/core.js
[0mCompiling "target/cljsbuild/public/js/app.js" from ["src/cljs" "src/cljc" "env/dev/cljs"]...[0m
[32mSuccessfully compiled "target/cljsbuild/public/js/app.js" in 0.458 seconds.[0m
notifying browser that file changed:  target/cljsbuild/public/js/out/material/core.js
[0mCompiling "target/cljsbuild/public/js/app.js" from ["src/cljs" "src/cljc" "env/dev/cljs"]...[0m
[32mSuccessfully compiled "target/cljsbuild/public/js/app.js" in 0.481 seconds.[0m
notifying browser that file changed:  target/cljsbuild/public/js/out/material/core.js
[0mCompiling "target/cljsbuild/public/js/app.js" from ["src/cljs" "src/cljc" "env/dev/cljs"]...[0m
[32mSuccessfully compiled "target/cljsbuild/public/js/app.js" in 0.448 seconds.[0m
notifying browser that file changed:  target/cljsbuild/public/js/out/material/core.js
[0mCompiling "target/cljsbuild/public/js/app.js" from ["src/cljs" "src/cljc" "env/dev/cljs"]...[0m
[32mSuccessfully compiled "target/cljsbuild/public/js/app.js" in 0.467 seconds.[0m
notifying browser that file changed:  target/cljsbuild/public/js/out/material/core.js
[0mCompiling "target/cljsbuild/public/js/app.js" from ["src/cljs" "src/cljc" "env/dev/cljs"]...[0m
[32mSuccessfully compiled "target/cljsbuild/public/js/app.js" in 0.468 seconds.[0m
notifying browser that file changed:  target/cljsbuild/public/js/out/material/core.js
[0mCompiling "target/cljsbuild/public/js/app.js" from ["src/cljs" "src/cljc" "env/dev/cljs"]...[0m
[36m----  Compiler Warning on   src/cljs/material/core.cljs   line:55  column:17  ----[0m

  [1mWrong number of args (3) passed to cljs.core/map-indexed[0m

  [36m51[0m  [36m[:div[0m
  [36m52[0m  [36m [:h2 "Welcome to a simple, example application."][0m
  [36m53[0m  [36m [ui/Paper {:zDepth 2 }[0m
  [36m54[0m  [36m  [ui/BottomNavigation {:selectedIndex @state}[0m
  [33m55[0m  [1m   (doall (map-indexed (fn [idx x][0m
  [0m  [0m  [33m          ^--- Wrong number of args (3) passed to cljs.core/map-indexed[0m
  [36m56[0m  [36m                         ^{:key idx}[0m
  [36m57[0m  [36m                         [ui/BottomNavigationItem {:label x[0m
  [36m58[0m  [36m                                                   :icon (reactify [icon "restore"])[0m
  [36m59[0m  [36m                                                   :onClick #(select idx)}])[0m
  [36m60[0m  [36m                       ["Recents" "Favorites" "Nearby"][0m

[36m----  Compiler Warning : Please see src/cljs/material/core.cljs  ----[0m
[32mSuccessfully compiled "target/cljsbuild/public/js/app.js" in 0.951 seconds.[0m
notifying browser that file changed:  target/cljsbuild/public/js/out/material/core.js
[0mCompiling "target/cljsbuild/public/js/app.js" from ["src/cljs" "src/cljc" "env/dev/cljs"]...[0m
[32mSuccessfully compiled "target/cljsbuild/public/js/app.js" in 0.536 seconds.[0m
notifying browser that file changed:  target/cljsbuild/public/js/out/material/core.js
[0mCompiling "target/cljsbuild/public/js/app.js" from ["src/cljs" "src/cljc" "env/dev/cljs"]...[0m
[32mSuccessfully compiled "target/cljsbuild/public/js/app.js" in 0.539 seconds.[0m
notifying browser that file changed:  target/cljsbuild/public/js/out/material/core.js
[0mCompiling "target/cljsbuild/public/js/app.js" from ["src/cljs" "src/cljc" "env/dev/cljs"]...[0m
[32mSuccessfully compiled "target/cljsbuild/public/js/app.js" in 0.48 seconds.[0m
notifying browser that file changed:  target/cljsbuild/public/js/out/material/core.js
[0mCompiling "target/cljsbuild/public/js/app.js" from ["src/cljs" "src/cljc" "env/dev/cljs"]...[0m
[32mSuccessfully compiled "target/cljsbuild/public/js/app.js" in 0.499 seconds.[0m
notifying browser that file changed:  target/cljsbuild/public/js/out/material/core.js
[0mCompiling "target/cljsbuild/public/js/app.js" from ["src/cljs" "src/cljc" "env/dev/cljs"]...[0m
[32mSuccessfully compiled "target/cljsbuild/public/js/app.js" in 0.491 seconds.[0m
notifying browser that file changed:  target/cljsbuild/public/js/out/material/core.js
[0mCompiling "target/cljsbuild/public/js/app.js" from ["src/cljs" "src/cljc" "env/dev/cljs"]...[0m
[32mSuccessfully compiled "target/cljsbuild/public/js/app.js" in 0.497 seconds.[0m
notifying browser that file changed:  target/cljsbuild/public/js/out/material/core.js
[0mCompiling "target/cljsbuild/public/js/app.js" from ["src/cljs" "src/cljc" "env/dev/cljs"]...[0m
[32mSuccessfully compiled "target/cljsbuild/public/js/app.js" in 0.489 seconds.[0m
notifying browser that file changed:  target/cljsbuild/public/js/out/material/core.js
[0mCompiling "target/cljsbuild/public/js/app.js" from ["src/cljs" "src/cljc" "env/dev/cljs"]...[0m
[32mSuccessfully compiled "target/cljsbuild/public/js/app.js" in 0.489 seconds.[0m
notifying browser that file changed:  target/cljsbuild/public/js/out/material/core.js
